<?xml version="1.0" encoding="UTF-8"?>
<robot generator="Robot 6.0.2 (Python 3.11.2 on linux)" generated="20230702 00:30:20.891" rpa="false" schemaversion="3">
<suite id="s1" name="Test" source="/home/daniel/Área de Trabalho/robot/robot/test.robot">
<test id="s1-t1" name="Verificar se quando um campo obrigatório não for preenchido corretamente o sistema exibe uma mensagem de campo obrigatório" line="12">
<kw name="Dado que eu acesse o Organo" library="setup_teardown" type="SETUP">
<kw name="Open Browser" library="SeleniumLibrary">
<arg>url=http://localhost:3000/</arg>
<arg>browser=Chrome</arg>
<doc>Opens a new browser instance to the optional ``url``.</doc>
<msg timestamp="20230702 00:30:21.017" level="INFO">Opening browser 'Chrome' to base url 'http://localhost:3000/'.</msg>
<status status="PASS" starttime="20230702 00:30:21.016" endtime="20230702 00:30:22.528"/>
</kw>
<status status="PASS" starttime="20230702 00:30:21.016" endtime="20230702 00:30:22.528"/>
</kw>
<kw name="Dado que eu clique no botão &quot;Criar Card&quot;">
<kw name="Click Element" library="SeleniumLibrary">
<arg>${BOTAO_CARD}</arg>
<doc>Click the element identified by ``locator``.</doc>
<msg timestamp="20230702 00:30:22.533" level="INFO">Clicking element 'id:form-botao'.</msg>
<status status="PASS" starttime="20230702 00:30:22.530" endtime="20230702 00:30:22.627"/>
</kw>
<status status="PASS" starttime="20230702 00:30:22.529" endtime="20230702 00:30:22.627"/>
</kw>
<kw name="Então sistema deve apresentar mensagem de campo obrigatório">
<kw name="Element Should Be Visible" library="SeleniumLibrary">
<arg>id:form-nome-erro</arg>
<doc>Verifies that the element identified by ``locator`` is visible.</doc>
<msg timestamp="20230702 00:30:22.682" level="INFO">Element 'id:form-nome-erro' is displayed.</msg>
<status status="PASS" starttime="20230702 00:30:22.628" endtime="20230702 00:30:22.682"/>
</kw>
<kw name="Element Should Be Visible" library="SeleniumLibrary">
<arg>id:form-cargo-erro</arg>
<doc>Verifies that the element identified by ``locator`` is visible.</doc>
<msg timestamp="20230702 00:30:22.718" level="INFO">Element 'id:form-cargo-erro' is displayed.</msg>
<status status="PASS" starttime="20230702 00:30:22.682" endtime="20230702 00:30:22.718"/>
</kw>
<kw name="Element Should Be Visible" library="SeleniumLibrary">
<arg>id:form-times-erro</arg>
<doc>Verifies that the element identified by ``locator`` is visible.</doc>
<msg timestamp="20230702 00:30:22.740" level="INFO">Element 'id:form-times-erro' is displayed.</msg>
<status status="PASS" starttime="20230702 00:30:22.718" endtime="20230702 00:30:22.740"/>
</kw>
<status status="PASS" starttime="20230702 00:30:22.627" endtime="20230702 00:30:22.740"/>
</kw>
<kw name="Fechar o navegador" library="setup_teardown" type="TEARDOWN">
<kw name="Close Browser" library="SeleniumLibrary">
<doc>Closes the current browser.</doc>
<status status="PASS" starttime="20230702 00:30:22.741" endtime="20230702 00:30:22.806"/>
</kw>
<status status="PASS" starttime="20230702 00:30:22.741" endtime="20230702 00:30:22.806"/>
</kw>
<status status="PASS" starttime="20230702 00:30:21.015" endtime="20230702 00:30:22.807"/>
</test>
<status status="PASS" starttime="20230702 00:30:20.892" endtime="20230702 00:30:22.820"/>
</suite>
<statistics>
<total>
<stat pass="1" fail="0" skip="0">All Tests</stat>
</total>
<tag>
</tag>
<suite>
<stat pass="1" fail="0" skip="0" id="s1" name="Test">Test</stat>
</suite>
</statistics>
<errors>
</errors>
</robot>
