<?xml version="1.0" encoding="UTF-8"?>
<robot generator="Robot 6.0.2 (Python 3.11.2 on linux)" generated="20230702 01:16:56.564" rpa="false" schemaversion="3">
<suite id="s1" name="Robot" source="/home/daniel/Área de Trabalho/robot">
<suite id="s1-s1" name="Robot" source="/home/daniel/Área de Trabalho/robot/robot">
<suite id="s1-s1-s1" name="Test" source="/home/daniel/Área de Trabalho/robot/robot/test.robot">
<test id="s1-s1-s1-t1" name="Verificar se ao preencher corretamente o formulário os dados são inseridos corretamente na lista e se um novo card é criado no time escolhido" line="13">
<kw name="Dado que eu acesse o Organo" library="setup_teardown" type="SETUP">
<kw name="Open Browser" library="SeleniumLibrary">
<arg>url=http://localhost:3000/</arg>
<arg>browser=Chrome</arg>
<doc>Opens a new browser instance to the optional ``url``.</doc>
<msg timestamp="20230702 01:16:56.723" level="INFO">Opening browser 'Chrome' to base url 'http://localhost:3000/'.</msg>
<status status="PASS" starttime="20230702 01:16:56.722" endtime="20230702 01:16:58.110"/>
</kw>
<status status="PASS" starttime="20230702 01:16:56.722" endtime="20230702 01:16:58.110"/>
</kw>
<kw name="Dado que eu preencha os campos do formulário">
<kw name="Input Text" library="SeleniumLibrary">
<arg>id:form-nome</arg>
<arg>Akemi</arg>
<doc>Types the given ``text`` into the text field identified by ``locator``.</doc>
<msg timestamp="20230702 01:16:58.113" level="INFO">Typing text 'Akemi' into text field 'id:form-nome'.</msg>
<status status="PASS" starttime="20230702 01:16:58.112" endtime="20230702 01:16:58.279"/>
</kw>
<kw name="Input Text" library="SeleniumLibrary">
<arg>id:form-cargo</arg>
<arg>Desenvolvedora</arg>
<doc>Types the given ``text`` into the text field identified by ``locator``.</doc>
<msg timestamp="20230702 01:16:58.279" level="INFO">Typing text 'Desenvolvedora' into text field 'id:form-cargo'.</msg>
<status status="PASS" starttime="20230702 01:16:58.279" endtime="20230702 01:16:58.398"/>
</kw>
<kw name="Input Text" library="SeleniumLibrary">
<arg>id:form-imagem</arg>
<arg>https://picsum.photos/200/300</arg>
<doc>Types the given ``text`` into the text field identified by ``locator``.</doc>
<msg timestamp="20230702 01:16:58.399" level="INFO">Typing text 'https://picsum.photos/200/300' into text field 'id:form-imagem'.</msg>
<status status="PASS" starttime="20230702 01:16:58.398" endtime="20230702 01:16:58.536"/>
</kw>
<kw name="Click Element" library="SeleniumLibrary">
<arg>class:lista-suspensa</arg>
<doc>Click the element identified by ``locator``.</doc>
<msg timestamp="20230702 01:16:58.538" level="INFO">Clicking element 'class:lista-suspensa'.</msg>
<status status="PASS" starttime="20230702 01:16:58.537" endtime="20230702 01:16:58.597"/>
</kw>
<kw name="Click Element" library="SeleniumLibrary">
<arg>//option[contains(.,'Programação')]</arg>
<doc>Click the element identified by ``locator``.</doc>
<msg timestamp="20230702 01:16:58.599" level="INFO">Clicking element '//option[contains(.,'Programação')]'.</msg>
<status status="PASS" starttime="20230702 01:16:58.598" endtime="20230702 01:16:58.645"/>
</kw>
<status status="PASS" starttime="20230702 01:16:58.111" endtime="20230702 01:16:58.645"/>
</kw>
<kw name="E clique no botão &quot;Criar Card&quot;">
<kw name="Click Element" library="SeleniumLibrary">
<arg>id:form-botao</arg>
<doc>Click the element identified by ``locator``.</doc>
<msg timestamp="20230702 01:16:58.647" level="INFO">Clicking element 'id:form-botao'.</msg>
<status status="PASS" starttime="20230702 01:16:58.646" endtime="20230702 01:16:58.737"/>
</kw>
<status status="PASS" starttime="20230702 01:16:58.646" endtime="20230702 01:16:58.738"/>
</kw>
<kw name="Então identificar o card no time esperado">
<kw name="Element Should Be Visible" library="SeleniumLibrary">
<arg>class:colaborador</arg>
<doc>Verifies that the element identified by ``locator`` is visible.</doc>
<msg timestamp="20230702 01:16:58.771" level="INFO">Element 'class:colaborador' is displayed.</msg>
<status status="PASS" starttime="20230702 01:16:58.740" endtime="20230702 01:16:58.771"/>
</kw>
<status status="PASS" starttime="20230702 01:16:58.739" endtime="20230702 01:16:58.771"/>
</kw>
<kw name="Fechar o navegador" library="setup_teardown" type="TEARDOWN">
<kw name="Close Browser" library="SeleniumLibrary">
<doc>Closes the current browser.</doc>
<status status="PASS" starttime="20230702 01:16:58.773" endtime="20230702 01:16:58.838"/>
</kw>
<status status="PASS" starttime="20230702 01:16:58.772" endtime="20230702 01:16:58.838"/>
</kw>
<status status="PASS" starttime="20230702 01:16:56.721" endtime="20230702 01:16:58.839"/>
</test>
<test id="s1-s1-s1-t2" name="Verificar se ao preencher corretamente o formulário os dados são inseridos corretamente na lista e se um novo card é criado no time escolhido" line="35">
<kw name="Dado que eu acesse o Organo" library="setup_teardown" type="SETUP">
<kw name="Open Browser" library="SeleniumLibrary">
<arg>url=http://localhost:3000/</arg>
<arg>browser=Chrome</arg>
<doc>Opens a new browser instance to the optional ``url``.</doc>
<msg timestamp="20230702 01:16:58.850" level="INFO">Opening browser 'Chrome' to base url 'http://localhost:3000/'.</msg>
<status status="PASS" starttime="20230702 01:16:58.849" endtime="20230702 01:17:00.317"/>
</kw>
<status status="PASS" starttime="20230702 01:16:58.848" endtime="20230702 01:17:00.317"/>
</kw>
<kw name="Dado que eu preencha os campos do formulário">
<kw name="Input Text" library="SeleniumLibrary">
<arg>id:form-nome</arg>
<arg>Akemi</arg>
<doc>Types the given ``text`` into the text field identified by ``locator``.</doc>
<msg timestamp="20230702 01:17:00.323" level="INFO">Typing text 'Akemi' into text field 'id:form-nome'.</msg>
<status status="PASS" starttime="20230702 01:17:00.322" endtime="20230702 01:17:00.491"/>
</kw>
<kw name="Input Text" library="SeleniumLibrary">
<arg>id:form-cargo</arg>
<arg>Desenvolvedora</arg>
<doc>Types the given ``text`` into the text field identified by ``locator``.</doc>
<msg timestamp="20230702 01:17:00.492" level="INFO">Typing text 'Desenvolvedora' into text field 'id:form-cargo'.</msg>
<status status="PASS" starttime="20230702 01:17:00.491" endtime="20230702 01:17:00.609"/>
</kw>
<kw name="Input Text" library="SeleniumLibrary">
<arg>id:form-imagem</arg>
<arg>https://picsum.photos/200/300</arg>
<doc>Types the given ``text`` into the text field identified by ``locator``.</doc>
<msg timestamp="20230702 01:17:00.610" level="INFO">Typing text 'https://picsum.photos/200/300' into text field 'id:form-imagem'.</msg>
<status status="PASS" starttime="20230702 01:17:00.610" endtime="20230702 01:17:00.746"/>
</kw>
<kw name="Click Element" library="SeleniumLibrary">
<arg>class:lista-suspensa</arg>
<doc>Click the element identified by ``locator``.</doc>
<msg timestamp="20230702 01:17:00.747" level="INFO">Clicking element 'class:lista-suspensa'.</msg>
<status status="PASS" starttime="20230702 01:17:00.746" endtime="20230702 01:17:00.809"/>
</kw>
<kw name="Click Element" library="SeleniumLibrary">
<arg>//option[contains(.,'Programação')]</arg>
<doc>Click the element identified by ``locator``.</doc>
<msg timestamp="20230702 01:17:00.810" level="INFO">Clicking element '//option[contains(.,'Programação')]'.</msg>
<status status="PASS" starttime="20230702 01:17:00.809" endtime="20230702 01:17:00.852"/>
</kw>
<status status="PASS" starttime="20230702 01:17:00.321" endtime="20230702 01:17:00.853"/>
</kw>
<kw name="E clique no botão &quot;Criar Card&quot;">
<kw name="Click Element" library="SeleniumLibrary">
<arg>id:form-botao</arg>
<doc>Click the element identified by ``locator``.</doc>
<msg timestamp="20230702 01:17:00.855" level="INFO">Clicking element 'id:form-botao'.</msg>
<status status="PASS" starttime="20230702 01:17:00.854" endtime="20230702 01:17:00.933"/>
</kw>
<status status="PASS" starttime="20230702 01:17:00.853" endtime="20230702 01:17:00.933"/>
</kw>
<kw name="Então identificar o card no time esperado">
<kw name="Element Should Be Visible" library="SeleniumLibrary">
<arg>class:colaborador</arg>
<doc>Verifies that the element identified by ``locator`` is visible.</doc>
<msg timestamp="20230702 01:17:00.968" level="INFO">Element 'class:colaborador' is displayed.</msg>
<status status="PASS" starttime="20230702 01:17:00.934" endtime="20230702 01:17:00.969"/>
</kw>
<status status="PASS" starttime="20230702 01:17:00.934" endtime="20230702 01:17:00.969"/>
</kw>
<kw name="Fechar o navegador" library="setup_teardown" type="TEARDOWN">
<kw name="Close Browser" library="SeleniumLibrary">
<doc>Closes the current browser.</doc>
<status status="PASS" starttime="20230702 01:17:00.970" endtime="20230702 01:17:01.040"/>
</kw>
<status status="PASS" starttime="20230702 01:17:00.969" endtime="20230702 01:17:01.040"/>
</kw>
<status status="PASS" starttime="20230702 01:16:58.844" endtime="20230702 01:17:01.041"/>
</test>
<status status="PASS" starttime="20230702 01:16:56.598" endtime="20230702 01:17:01.041"/>
</suite>
<status status="PASS" starttime="20230702 01:16:56.594" endtime="20230702 01:17:01.044"/>
</suite>
<status status="PASS" starttime="20230702 01:16:56.577" endtime="20230702 01:17:01.046"/>
</suite>
<statistics>
<total>
<stat pass="2" fail="0" skip="0">All Tests</stat>
</total>
<tag>
</tag>
<suite>
<stat pass="2" fail="0" skip="0" id="s1" name="Robot">Robot</stat>
<stat pass="2" fail="0" skip="0" id="s1-s1" name="Robot">Robot.Robot</stat>
<stat pass="2" fail="0" skip="0" id="s1-s1-s1" name="Test">Robot.Robot.Test</stat>
</suite>
</statistics>
<errors>
<msg timestamp="20230702 01:16:58.842" level="WARN">Multiple tests with name 'Verificar se ao preencher corretamente o formulário os dados são inseridos corretamente na lista e se um novo card é criado no time escolhido' executed in suite 'Robot.Robot.Test'.</msg>
</errors>
</robot>
