<?xml version="1.0" encoding="UTF-8"?>
<robot generator="Robot 6.0.2 (Python 3.11.2 on linux)" generated="20230724 00:13:28.981" rpa="false" schemaversion="3">
<suite id="s1" name="Robot" source="/home/daniel/Área de Trabalho/robot">
<suite id="s1-s1" name="Results" source="/home/daniel/Área de Trabalho/robot/results">
<suite id="s1-s1-s1" name="Testes" source="/home/daniel/Área de Trabalho/robot/results/testes">
<suite id="s1-s1-s1-s1" name="Test" source="/home/daniel/Área de Trabalho/robot/results/testes/test.robot">
<test id="s1-s1-s1-s1-t1" name="Verificar se ao preencher corretamente o formulário os dados são inseridos corretamente na lista e se um novo card é criado no time escolhido" line="14">
<kw name="Dado que eu acesse o Organo" library="setup_teardown" type="SETUP">
<kw name="Open Browser" library="SeleniumLibrary">
<arg>url=http://localhost:3000/</arg>
<arg>browser=Chrome</arg>
<doc>Opens a new browser instance to the optional ``url``.</doc>
<msg timestamp="20230724 00:13:29.355" level="INFO">Opening browser 'Chrome' to base url 'http://localhost:3000/'.</msg>
<status status="PASS" starttime="20230724 00:13:29.355" endtime="20230724 00:13:31.717"/>
</kw>
<status status="PASS" starttime="20230724 00:13:29.354" endtime="20230724 00:13:31.718"/>
</kw>
<kw name="Dado que eu preencha os campos do formulário" library="cadastro">
<kw name="First Name" library="FakerLibrary">
<var>${nome}</var>
<msg timestamp="20230724 00:13:31.720" level="INFO">${nome} = Matheus</msg>
<status status="PASS" starttime="20230724 00:13:31.719" endtime="20230724 00:13:31.720"/>
</kw>
<kw name="Input Text" library="SeleniumLibrary">
<arg>id:form-nome</arg>
<arg>${nome}</arg>
<doc>Types the given ``text`` into the text field identified by ``locator``.</doc>
<msg timestamp="20230724 00:13:31.721" level="INFO">Typing text 'Matheus' into text field 'id:form-nome'.</msg>
<status status="PASS" starttime="20230724 00:13:31.720" endtime="20230724 00:13:31.865"/>
</kw>
<kw name="Job" library="FakerLibrary">
<var>${cargo}</var>
<msg timestamp="20230724 00:13:31.866" level="INFO">${cargo} = Dentista</msg>
<status status="PASS" starttime="20230724 00:13:31.866" endtime="20230724 00:13:31.866"/>
</kw>
<kw name="Input Text" library="SeleniumLibrary">
<arg>id:form-cargo</arg>
<arg>${cargo}</arg>
<doc>Types the given ``text`` into the text field identified by ``locator``.</doc>
<msg timestamp="20230724 00:13:31.867" level="INFO">Typing text 'Dentista' into text field 'id:form-cargo'.</msg>
<status status="PASS" starttime="20230724 00:13:31.866" endtime="20230724 00:13:31.982"/>
</kw>
<kw name="Image Url" library="FakerLibrary">
<var>${img}</var>
<doc>Returns URL to placeholder image
Example: http://placehold.it/640x480</doc>
<msg timestamp="20230724 00:13:31.983" level="INFO">${img} = https://picsum.photos/929/748</msg>
<status status="PASS" starttime="20230724 00:13:31.983" endtime="20230724 00:13:31.983"/>
</kw>
<kw name="Input Text" library="SeleniumLibrary">
<arg>id:form-imagem</arg>
<arg>${img}</arg>
<doc>Types the given ``text`` into the text field identified by ``locator``.</doc>
<msg timestamp="20230724 00:13:31.984" level="INFO">Typing text 'https://picsum.photos/929/748' into text field 'id:form-imagem'.</msg>
<status status="PASS" starttime="20230724 00:13:31.984" endtime="20230724 00:13:32.118"/>
</kw>
<kw name="Click Element" library="SeleniumLibrary">
<arg>class:lista-suspensa</arg>
<doc>Click the element identified by ``locator``.</doc>
<msg timestamp="20230724 00:13:32.119" level="INFO">Clicking element 'class:lista-suspensa'.</msg>
<status status="PASS" starttime="20230724 00:13:32.119" endtime="20230724 00:13:32.180"/>
</kw>
<kw name="Click Element" library="SeleniumLibrary">
<arg>//option[contains(.,'Programação')]</arg>
<doc>Click the element identified by ``locator``.</doc>
<msg timestamp="20230724 00:13:32.182" level="INFO">Clicking element '//option[contains(.,'Programação')]'.</msg>
<status status="PASS" starttime="20230724 00:13:32.181" endtime="20230724 00:13:32.231"/>
</kw>
<status status="PASS" starttime="20230724 00:13:31.718" endtime="20230724 00:13:32.231"/>
</kw>
<kw name="E clique no botão &quot;Criar Card&quot;" library="cadastro">
<kw name="Click Element" library="SeleniumLibrary">
<arg>id:form-botao</arg>
<doc>Click the element identified by ``locator``.</doc>
<msg timestamp="20230724 00:13:32.233" level="INFO">Clicking element 'id:form-botao'.</msg>
<status status="PASS" starttime="20230724 00:13:32.232" endtime="20230724 00:13:32.369"/>
</kw>
<status status="PASS" starttime="20230724 00:13:32.232" endtime="20230724 00:13:32.369"/>
</kw>
<kw name="Então identificar o card no time esperado" library="cadastro">
<kw name="Element Should Be Visible" library="SeleniumLibrary">
<arg>class:colaborador</arg>
<doc>Verifies that the element identified by ``locator`` is visible.</doc>
<msg timestamp="20230724 00:13:32.406" level="INFO">Element 'class:colaborador' is displayed.</msg>
<status status="PASS" starttime="20230724 00:13:32.370" endtime="20230724 00:13:32.406"/>
</kw>
<status status="PASS" starttime="20230724 00:13:32.370" endtime="20230724 00:13:32.406"/>
</kw>
<kw name="Fechar o navegador" library="setup_teardown" type="TEARDOWN">
<kw name="Close Browser" library="SeleniumLibrary">
<doc>Closes the current browser.</doc>
<status status="PASS" starttime="20230724 00:13:32.407" endtime="20230724 00:13:32.472"/>
</kw>
<status status="PASS" starttime="20230724 00:13:32.406" endtime="20230724 00:13:32.472"/>
</kw>
<status status="PASS" starttime="20230724 00:13:29.354" endtime="20230724 00:13:32.472"/>
</test>
<test id="s1-s1-s1-s1-t2" name="Verificar se ao preencher corretamente o formulário os dados são inseridos corretamente na lista e se um novo card é criado no time escolhido" line="25">
<kw name="Dado que eu acesse o Organo" library="setup_teardown" type="SETUP">
<kw name="Open Browser" library="SeleniumLibrary">
<arg>url=http://localhost:3000/</arg>
<arg>browser=Chrome</arg>
<doc>Opens a new browser instance to the optional ``url``.</doc>
<msg timestamp="20230724 00:13:32.477" level="INFO">Opening browser 'Chrome' to base url 'http://localhost:3000/'.</msg>
<status status="PASS" starttime="20230724 00:13:32.476" endtime="20230724 00:13:34.825"/>
</kw>
<status status="PASS" starttime="20230724 00:13:32.476" endtime="20230724 00:13:34.826"/>
</kw>
<kw name="Dado que eu preencha os campos do formulário" library="cadastro">
<kw name="First Name" library="FakerLibrary">
<var>${nome}</var>
<msg timestamp="20230724 00:13:34.828" level="INFO">${nome} = Bruna</msg>
<status status="PASS" starttime="20230724 00:13:34.828" endtime="20230724 00:13:34.829"/>
</kw>
<kw name="Input Text" library="SeleniumLibrary">
<arg>id:form-nome</arg>
<arg>${nome}</arg>
<doc>Types the given ``text`` into the text field identified by ``locator``.</doc>
<msg timestamp="20230724 00:13:34.831" level="INFO">Typing text 'Bruna' into text field 'id:form-nome'.</msg>
<status status="PASS" starttime="20230724 00:13:34.829" endtime="20230724 00:13:34.983"/>
</kw>
<kw name="Job" library="FakerLibrary">
<var>${cargo}</var>
<msg timestamp="20230724 00:13:34.984" level="INFO">${cargo} = Mototaxista</msg>
<status status="PASS" starttime="20230724 00:13:34.984" endtime="20230724 00:13:34.984"/>
</kw>
<kw name="Input Text" library="SeleniumLibrary">
<arg>id:form-cargo</arg>
<arg>${cargo}</arg>
<doc>Types the given ``text`` into the text field identified by ``locator``.</doc>
<msg timestamp="20230724 00:13:34.985" level="INFO">Typing text 'Mototaxista' into text field 'id:form-cargo'.</msg>
<status status="PASS" starttime="20230724 00:13:34.984" endtime="20230724 00:13:35.082"/>
</kw>
<kw name="Image Url" library="FakerLibrary">
<var>${img}</var>
<doc>Returns URL to placeholder image
Example: http://placehold.it/640x480</doc>
<msg timestamp="20230724 00:13:35.083" level="INFO">${img} = https://dummyimage.com/457x597</msg>
<status status="PASS" starttime="20230724 00:13:35.083" endtime="20230724 00:13:35.083"/>
</kw>
<kw name="Input Text" library="SeleniumLibrary">
<arg>id:form-imagem</arg>
<arg>${img}</arg>
<doc>Types the given ``text`` into the text field identified by ``locator``.</doc>
<msg timestamp="20230724 00:13:35.084" level="INFO">Typing text 'https://dummyimage.com/457x597' into text field 'id:form-imagem'.</msg>
<status status="PASS" starttime="20230724 00:13:35.083" endtime="20230724 00:13:35.218"/>
</kw>
<kw name="Click Element" library="SeleniumLibrary">
<arg>class:lista-suspensa</arg>
<doc>Click the element identified by ``locator``.</doc>
<msg timestamp="20230724 00:13:35.219" level="INFO">Clicking element 'class:lista-suspensa'.</msg>
<status status="PASS" starttime="20230724 00:13:35.218" endtime="20230724 00:13:35.276"/>
</kw>
<kw name="Click Element" library="SeleniumLibrary">
<arg>//option[contains(.,'Programação')]</arg>
<doc>Click the element identified by ``locator``.</doc>
<msg timestamp="20230724 00:13:35.277" level="INFO">Clicking element '//option[contains(.,'Programação')]'.</msg>
<status status="PASS" starttime="20230724 00:13:35.277" endtime="20230724 00:13:35.319"/>
</kw>
<status status="PASS" starttime="20230724 00:13:34.827" endtime="20230724 00:13:35.319"/>
</kw>
<kw name="E clique no botão &quot;Criar Card&quot;" library="cadastro">
<kw name="Click Element" library="SeleniumLibrary">
<arg>id:form-botao</arg>
<doc>Click the element identified by ``locator``.</doc>
<msg timestamp="20230724 00:13:35.321" level="INFO">Clicking element 'id:form-botao'.</msg>
<status status="PASS" starttime="20230724 00:13:35.320" endtime="20230724 00:13:35.386"/>
</kw>
<status status="PASS" starttime="20230724 00:13:35.319" endtime="20230724 00:13:35.386"/>
</kw>
<kw name="Então identificar o card no time esperado" library="cadastro">
<kw name="Element Should Be Visible" library="SeleniumLibrary">
<arg>class:colaborador</arg>
<doc>Verifies that the element identified by ``locator`` is visible.</doc>
<msg timestamp="20230724 00:13:35.413" level="INFO">Element 'class:colaborador' is displayed.</msg>
<status status="PASS" starttime="20230724 00:13:35.387" endtime="20230724 00:13:35.413"/>
</kw>
<status status="PASS" starttime="20230724 00:13:35.386" endtime="20230724 00:13:35.413"/>
</kw>
<kw name="Fechar o navegador" library="setup_teardown" type="TEARDOWN">
<kw name="Close Browser" library="SeleniumLibrary">
<doc>Closes the current browser.</doc>
<status status="PASS" starttime="20230724 00:13:35.415" endtime="20230724 00:13:35.477"/>
</kw>
<status status="PASS" starttime="20230724 00:13:35.414" endtime="20230724 00:13:35.478"/>
</kw>
<status status="PASS" starttime="20230724 00:13:32.474" endtime="20230724 00:13:35.478"/>
</test>
<test id="s1-s1-s1-s1-t3" name="Verificar se é possivel criar mais de um card" line="32">
<kw name="Dado que eu acesse o Organo" library="setup_teardown" type="SETUP">
<kw name="Open Browser" library="SeleniumLibrary">
<arg>url=http://localhost:3000/</arg>
<arg>browser=Chrome</arg>
<doc>Opens a new browser instance to the optional ``url``.</doc>
<msg timestamp="20230724 00:13:35.482" level="INFO">Opening browser 'Chrome' to base url 'http://localhost:3000/'.</msg>
<status status="PASS" starttime="20230724 00:13:35.481" endtime="20230724 00:13:36.857"/>
</kw>
<status status="PASS" starttime="20230724 00:13:35.481" endtime="20230724 00:13:36.858"/>
</kw>
<kw name="Dado que eu preencha os campos do formulário" library="cadastro">
<kw name="First Name" library="FakerLibrary">
<var>${nome}</var>
<msg timestamp="20230724 00:13:36.864" level="INFO">${nome} = Sofia</msg>
<status status="PASS" starttime="20230724 00:13:36.863" endtime="20230724 00:13:36.864"/>
</kw>
<kw name="Input Text" library="SeleniumLibrary">
<arg>id:form-nome</arg>
<arg>${nome}</arg>
<doc>Types the given ``text`` into the text field identified by ``locator``.</doc>
<msg timestamp="20230724 00:13:36.866" level="INFO">Typing text 'Sofia' into text field 'id:form-nome'.</msg>
<status status="PASS" starttime="20230724 00:13:36.865" endtime="20230724 00:13:37.079"/>
</kw>
<kw name="Job" library="FakerLibrary">
<var>${cargo}</var>
<msg timestamp="20230724 00:13:37.080" level="INFO">${cargo} = Obstetra</msg>
<status status="PASS" starttime="20230724 00:13:37.079" endtime="20230724 00:13:37.080"/>
</kw>
<kw name="Input Text" library="SeleniumLibrary">
<arg>id:form-cargo</arg>
<arg>${cargo}</arg>
<doc>Types the given ``text`` into the text field identified by ``locator``.</doc>
<msg timestamp="20230724 00:13:37.081" level="INFO">Typing text 'Obstetra' into text field 'id:form-cargo'.</msg>
<status status="PASS" starttime="20230724 00:13:37.080" endtime="20230724 00:13:37.182"/>
</kw>
<kw name="Image Url" library="FakerLibrary">
<var>${img}</var>
<doc>Returns URL to placeholder image
Example: http://placehold.it/640x480</doc>
<msg timestamp="20230724 00:13:37.182" level="INFO">${img} = https://placekitten.com/699/903</msg>
<status status="PASS" starttime="20230724 00:13:37.182" endtime="20230724 00:13:37.183"/>
</kw>
<kw name="Input Text" library="SeleniumLibrary">
<arg>id:form-imagem</arg>
<arg>${img}</arg>
<doc>Types the given ``text`` into the text field identified by ``locator``.</doc>
<msg timestamp="20230724 00:13:37.184" level="INFO">Typing text 'https://placekitten.com/699/903' into text field 'id:form-imagem'.</msg>
<status status="PASS" starttime="20230724 00:13:37.183" endtime="20230724 00:13:37.315"/>
</kw>
<kw name="Click Element" library="SeleniumLibrary">
<arg>class:lista-suspensa</arg>
<doc>Click the element identified by ``locator``.</doc>
<msg timestamp="20230724 00:13:37.316" level="INFO">Clicking element 'class:lista-suspensa'.</msg>
<status status="PASS" starttime="20230724 00:13:37.315" endtime="20230724 00:13:37.377"/>
</kw>
<kw name="Click Element" library="SeleniumLibrary">
<arg>//option[contains(.,'Programação')]</arg>
<doc>Click the element identified by ``locator``.</doc>
<msg timestamp="20230724 00:13:37.379" level="INFO">Clicking element '//option[contains(.,'Programação')]'.</msg>
<status status="PASS" starttime="20230724 00:13:37.378" endtime="20230724 00:13:37.420"/>
</kw>
<status status="PASS" starttime="20230724 00:13:36.860" endtime="20230724 00:13:37.421"/>
</kw>
<kw name="E clique no botão &quot;Criar Card&quot;" library="cadastro">
<kw name="Click Element" library="SeleniumLibrary">
<arg>id:form-botao</arg>
<doc>Click the element identified by ``locator``.</doc>
<msg timestamp="20230724 00:13:37.423" level="INFO">Clicking element 'id:form-botao'.</msg>
<status status="PASS" starttime="20230724 00:13:37.423" endtime="20230724 00:13:37.495"/>
</kw>
<status status="PASS" starttime="20230724 00:13:37.421" endtime="20230724 00:13:37.496"/>
</kw>
<kw name="Fechar o navegador" library="setup_teardown" type="TEARDOWN">
<kw name="Close Browser" library="SeleniumLibrary">
<doc>Closes the current browser.</doc>
<status status="PASS" starttime="20230724 00:13:37.497" endtime="20230724 00:13:37.557"/>
</kw>
<status status="PASS" starttime="20230724 00:13:37.496" endtime="20230724 00:13:37.557"/>
</kw>
<status status="PASS" starttime="20230724 00:13:35.480" endtime="20230724 00:13:37.557"/>
</test>
<status status="PASS" starttime="20230724 00:13:29.021" endtime="20230724 00:13:37.559"/>
</suite>
<status status="PASS" starttime="20230724 00:13:29.019" endtime="20230724 00:13:37.562"/>
</suite>
<status status="PASS" starttime="20230724 00:13:29.017" endtime="20230724 00:13:37.565"/>
</suite>
<status status="PASS" starttime="20230724 00:13:29.000" endtime="20230724 00:13:37.567"/>
</suite>
<statistics>
<total>
<stat pass="3" fail="0" skip="0">All Tests</stat>
</total>
<tag>
</tag>
<suite>
<stat pass="3" fail="0" skip="0" id="s1" name="Robot">Robot</stat>
<stat pass="3" fail="0" skip="0" id="s1-s1" name="Results">Robot.Results</stat>
<stat pass="3" fail="0" skip="0" id="s1-s1-s1" name="Testes">Robot.Results.Testes</stat>
<stat pass="3" fail="0" skip="0" id="s1-s1-s1-s1" name="Test">Robot.Results.Testes.Test</stat>
</suite>
</statistics>
<errors>
<msg timestamp="20230724 00:13:32.473" level="WARN">Multiple tests with name 'Verificar se ao preencher corretamente o formulário os dados são inseridos corretamente na lista e se um novo card é criado no time escolhido' executed in suite 'Robot.Results.Testes.Test'.</msg>
</errors>
</robot>
